<?xml version="1.0" encoding="UTF-8"?>
<!-- Generated by org.testng.reporters.JUnitReportReporter -->
<testsuite hostname="AKSAINI-AT37S" name="com.android.appium.checkprop" tests="1" failures="0" timestamp="13 Sep 2017 12:20:50 GMT" time="0.031" errors="0">
  <testcase name="check" time="0.031" classname="com.android.appium.checkprop"/>
</testsuite> <!-- com.android.appium.checkprop -->
