<?xml version="1.0" encoding="UTF-8"?>
<!-- Generated by org.testng.reporters.JUnitReportReporter -->
<testsuite hostname="AKSAINI-AT37S" name="com.android.webapps.facebook_webapp" tests="1" failures="0" timestamp="21 Sep 2017 19:45:15 GMT" time="31.429" errors="0">
  <testcase name="webapp_test" time="31.429" classname="com.android.webapps.facebook_webapp"/>
</testsuite> <!-- com.android.webapps.facebook_webapp -->
