<?xml version="1.0" encoding="UTF-8"?>
<!-- Generated by org.testng.reporters.JUnitReportReporter -->
<testsuite hostname="AKSAINI-AT37S" name="com.android.appium.appium" tests="1" failures="0" timestamp="21 Sep 2017 17:03:02 GMT" time="29.647" errors="0">
  <testcase name="testApp" time="29.647" classname="com.android.appium.appium"/>
</testsuite> <!-- com.android.appium.appium -->
