<?xml version="1.0" encoding="UTF-8"?>
<!-- Generated by org.testng.reporters.JUnitReportReporter -->
<testsuite hostname="AKSAINI-AT37S" name="com.android.nativeapps.appium" tests="1" failures="0" timestamp="21 Sep 2017 18:05:20 GMT" time="29.399" errors="0">
  <testcase name="testApp" time="29.399" classname="com.android.nativeapps.appium"/>
</testsuite> <!-- com.android.nativeapps.appium -->
