<?xml version="1.0" encoding="UTF-8"?>
<!-- Generated by org.testng.reporters.JUnitReportReporter -->
<testsuite hostname="AKSAINI-AT37S" name="com.android.webapps.chrome" tests="1" failures="0" timestamp="21 Sep 2017 19:06:12 GMT" time="31.937" errors="0">
  <testcase name="webapp_test" time="31.937" classname="com.android.webapps.chrome"/>
</testsuite> <!-- com.android.webapps.chrome -->
